#
# There is insufficient memory for the Java Runtime Environment to continue.
# Native memory allocation (mmap) failed to map 268435456 bytes for Failed to commit area from 0x0000000700800000 to 0x0000000710800000 of length 268435456.
# Possible reasons:
#   The system is out of physical RAM or swap space
#   The process is running with CompressedOops enabled, and the Java Heap may be blocking the growth of the native heap
# Possible solutions:
#   Reduce memory load on the system
#   Increase physical memory or swap space
#   Check if swap backing store is full
#   Decrease Java heap size (-Xmx/-Xms)
#   Decrease number of Java threads
#   Decrease Java thread stack sizes (-Xss)
#   Set larger code cache with -XX:ReservedCodeCacheSize=
# This output file may be truncated or incomplete.
#
#  Out of Memory Error (c:/BuildAgent/work/5ff2f6c26000d570/src/hotspot/os/windows/os_windows.cpp:3291), pid=7112, tid=8892
#
# JRE version:  (11.0.5+10) (build )
# Java VM: OpenJDK 64-Bit Server VM (11.0.5+10-b520.38, mixed mode, aot, sharing, tiered, compressed oops, g1 gc, windows-amd64)
# No core dump will be written. Minidumps are not enabled by default on client versions of Windows
#

---------------  S U M M A R Y ------------

Command Line: -javaagent:C:\Program Files\JetBrains\IntelliJ IDEA Community Edition 2019.3.3\lib\idea_rt.jar=65527:C:\Program Files\JetBrains\IntelliJ IDEA Community Edition 2019.3.3\bin -Dfile.encoding=UTF-8 test

Host: Intel(R) Core(TM) i5-6600K CPU @ 3.50GHz, 4 cores, 15G,  Windows 10 , 64 bit Build 18362 (10.0.18362.329)
Time: Mon Apr 13 16:27:51 2020 China Standard Time elapsed time: 0 seconds (0d 0h 0m 0s)

---------------  T H R E A D  ---------------

Current thread (0x000001777084b000):  JavaThread "Unknown thread" [_thread_in_vm, id=8892, stack(0x0000004e01a00000,0x0000004e01b00000)]

Stack: [0x0000004e01a00000,0x0000004e01b00000]
Native frames: (J=compiled Java code, j=interpreted, Vv=VM code, C=native code)
V  [jvm.dll+0x5dcafa]
V  [jvm.dll+0x70e375]
V  [jvm.dll+0x70f898]
V  [jvm.dll+0x70ff63]
V  [jvm.dll+0x23e238]
V  [jvm.dll+0x5da1c4]
V  [jvm.dll+0x5cf265]
V  [jvm.dll+0x2fac3b]
V  [jvm.dll+0x2fabaa]
V  [jvm.dll+0x2faa82]
V  [jvm.dll+0x2ff956]
V  [jvm.dll+0x3480d3]
V  [jvm.dll+0x3487d6]
V  [jvm.dll+0x3481d3]
V  [jvm.dll+0x2d5548]
V  [jvm.dll+0x2d66e7]
V  [jvm.dll+0x6ed237]
V  [jvm.dll+0x6eea2c]
V  [jvm.dll+0x355849]
V  [jvm.dll+0x6d239e]
V  [jvm.dll+0x3be283]
V  [jvm.dll+0x3c0701]
C  [jli.dll+0x5363]
C  [ucrtbase.dll+0x20e72]
C  [KERNEL32.DLL+0x17bd4]
C  [ntdll.dll+0x6ced1]


---------------  P R O C E S S  ---------------

Threads class SMR info:
_java_thread_list=0x0000017770745b60, length=0, elements={
}

Java Threads: ( => current thread )

Other Threads:
  0x0000017770863800 GCTaskThread "GC Thread#0" [stack: 0x0000004e01b00000,0x0000004e01c00000] [id=8960]
  0x00000177708c0800 ConcurrentGCThread "G1 Main Marker" [stack: 0x0000004e01c00000,0x0000004e01d00000] [id=15960]
  0x00000177708c1800 ConcurrentGCThread "G1 Conc#0" [stack: 0x0000004e01d00000,0x0000004e01e00000] [id=17588]

[error occurred during error reporting (printing all threads), id 0xc0000005, EXCEPTION_ACCESS_VIOLATION (0xc0000005) at pc=0x00007ffdbadc5c17]

VM state:not at safepoint (not fully initialized)

VM Mutex/Monitor currently owned by a thread:  ([mutex/lock_event])
[0x0000017770849e30] Heap_lock - owner thread: 0x000001777084b000

Heap address: 0x0000000700800000, size: 4088 MB, Compressed Oops mode: Non-zero based: 0x0000000700800000
Narrow klass base: 0x0000000000000000, Narrow klass shift: 0

GC Heap History (0 events):
No events

Deoptimization events (0 events):
No events

Classes redefined (0 events):
No events

Internal exceptions (0 events):
No events

Events (0 events):
No events


Dynamic libraries:
0x00007ff7c4d40000 - 0x00007ff7c4d4a000 	C:\Program Files\JetBrains\IntelliJ IDEA Community Edition 2019.3.3\jbr\bin\java.exe
0x00007ffe05c60000 - 0x00007ffe05e50000 	C:\WINDOWS\SYSTEM32\ntdll.dll
0x00007ffe04210000 - 0x00007ffe042c2000 	C:\WINDOWS\System32\KERNEL32.DLL
0x00007ffe03a60000 - 0x00007ffe03d03000 	C:\WINDOWS\System32\KERNELBASE.dll
0x00007ffe02cc0000 - 0x00007ffe02dba000 	C:\WINDOWS\System32\ucrtbase.dll
0x00007ffdef9b0000 - 0x00007ffdef9c9000 	C:\Program Files\JetBrains\IntelliJ IDEA Community Edition 2019.3.3\jbr\bin\jli.dll
0x00007ffe04510000 - 0x00007ffe046a4000 	C:\WINDOWS\System32\USER32.dll
0x00007ffe03890000 - 0x00007ffe038b1000 	C:\WINDOWS\System32\win32u.dll
0x00007ffe044e0000 - 0x00007ffe04506000 	C:\WINDOWS\System32\GDI32.dll
0x00007ffe038c0000 - 0x00007ffe03a54000 	C:\WINDOWS\System32\gdi32full.dll
0x00007ffe035f0000 - 0x00007ffe0368e000 	C:\WINDOWS\System32\msvcp_win.dll
0x00007ffdef4a0000 - 0x00007ffdef4b7000 	C:\Program Files\JetBrains\IntelliJ IDEA Community Edition 2019.3.3\jbr\bin\VCRUNTIME140.dll
0x00007ffdf6910000 - 0x00007ffdf6b95000 	C:\WINDOWS\WinSxS\amd64_microsoft.windows.common-controls_6595b64144ccf1df_6.0.18362.720_none_e6beb5c51314836b\COMCTL32.dll
0x00007ffe04d70000 - 0x00007ffe04e0e000 	C:\WINDOWS\System32\msvcrt.dll
0x00007ffe05630000 - 0x00007ffe05966000 	C:\WINDOWS\System32\combase.dll
0x00007ffe04c50000 - 0x00007ffe04d70000 	C:\WINDOWS\System32\RPCRT4.dll
0x00007ffe02c40000 - 0x00007ffe02cc0000 	C:\WINDOWS\System32\bcryptPrimitives.dll
0x00007ffe046c0000 - 0x00007ffe046ee000 	C:\WINDOWS\System32\IMM32.DLL
0x00007ffdeca60000 - 0x00007ffdecafd000 	C:\Program Files\JetBrains\IntelliJ IDEA Community Edition 2019.3.3\jbr\bin\msvcp140.dll
0x00007ffdbaae0000 - 0x00007ffdbb59b000 	C:\Program Files\JetBrains\IntelliJ IDEA Community Edition 2019.3.3\jbr\bin\server\jvm.dll
0x00007ffe05aa0000 - 0x00007ffe05b43000 	C:\WINDOWS\System32\ADVAPI32.dll
0x00007ffe03f40000 - 0x00007ffe03fd7000 	C:\WINDOWS\System32\sechost.dll
0x00007ffe03fe0000 - 0x00007ffe03fe8000 	C:\WINDOWS\System32\PSAPI.DLL
0x00007ffdef690000 - 0x00007ffdef699000 	C:\WINDOWS\SYSTEM32\WSOCK32.dll
0x00007ffe046f0000 - 0x00007ffe0475f000 	C:\WINDOWS\System32\WS2_32.dll
0x00007ffdf83a0000 - 0x00007ffdf83c4000 	C:\WINDOWS\SYSTEM32\WINMM.dll
0x00007ffdff4c0000 - 0x00007ffdff4ca000 	C:\WINDOWS\SYSTEM32\VERSION.dll
0x00007ffdf8320000 - 0x00007ffdf834d000 	C:\WINDOWS\SYSTEM32\WINMMBASE.dll
0x00007ffe03840000 - 0x00007ffe0388a000 	C:\WINDOWS\System32\cfgmgr32.dll
0x00007ffe02ba0000 - 0x00007ffe02bb1000 	C:\WINDOWS\System32\kernel.appcore.dll
0x00007ffdeedd0000 - 0x00007ffdeede1000 	C:\Program Files\JetBrains\IntelliJ IDEA Community Edition 2019.3.3\jbr\bin\verify.dll
0x00007ffdf8b20000 - 0x00007ffdf8d14000 	C:\WINDOWS\SYSTEM32\DBGHELP.DLL
0x00007ffdf82c0000 - 0x00007ffdf82ea000 	C:\WINDOWS\SYSTEM32\dbgcore.DLL
0x00007ffded870000 - 0x00007ffded899000 	C:\Program Files\JetBrains\IntelliJ IDEA Community Edition 2019.3.3\jbr\bin\java.dll
0x00007ffdff8d0000 - 0x00007ffdff8df000 	C:\Program Files\JetBrains\IntelliJ IDEA Community Edition 2019.3.3\jbr\bin\instrument.dll
0x00007ffdedfb0000 - 0x00007ffdedfc7000 	C:\Program Files\JetBrains\IntelliJ IDEA Community Edition 2019.3.3\jbr\bin\zip.dll
0x00007ffdef5d0000 - 0x00007ffdef5db000 	C:\Program Files\JetBrains\IntelliJ IDEA Community Edition 2019.3.3\jbr\bin\jimage.dll

dbghelp: loaded successfully - version: 4.0.5 - missing functions: none
symbol engine: initialized successfully - sym options: 0x614 - pdb path: .;C:\Program Files\JetBrains\IntelliJ IDEA Community Edition 2019.3.3\jbr\bin;C:\WINDOWS\SYSTEM32;C:\WINDOWS\WinSxS\amd64_microsoft.windows.common-controls_6595b64144ccf1df_6.0.18362.720_none_e6beb5c51314836b;C:\Program Files\JetBrains\IntelliJ IDEA Community Edition 2019.3.3\jbr\bin\server

VM Arguments:
jvm_args: -javaagent:C:\Program Files\JetBrains\IntelliJ IDEA Community Edition 2019.3.3\lib\idea_rt.jar=65527:C:\Program Files\JetBrains\IntelliJ IDEA Community Edition 2019.3.3\bin -Dfile.encoding=UTF-8 
java_command: test
java_class_path (initial): D:\Users\James\IntelliJProjects\EEServer\out\production\EEServer
Launcher Type: SUN_STANDARD

[Global flags]
     intx CICompilerCount                          = 3                                         {product} {ergonomic}
     uint ConcGCThreads                            = 1                                         {product} {ergonomic}
     uint G1ConcRefinementThreads                  = 4                                         {product} {ergonomic}
   size_t G1HeapRegionSize                         = 1048576                                   {product} {ergonomic}
    uintx GCDrainStackTargetSize                   = 64                                        {product} {ergonomic}
   size_t InitialHeapSize                          = 268435456                                 {product} {ergonomic}
   size_t MarkStackSize                            = 4194304                                   {product} {ergonomic}
   size_t MaxHeapSize                              = 4286578688                                {product} {ergonomic}
   size_t MinHeapDeltaBytes                        = 1048576                                   {product} {ergonomic}
    uintx NonNMethodCodeHeapSize                   = 5830732                                {pd product} {ergonomic}
    uintx NonProfiledCodeHeapSize                  = 122913754                              {pd product} {ergonomic}
    uintx ProfiledCodeHeapSize                     = 122913754                              {pd product} {ergonomic}
    uintx ReservedCodeCacheSize                    = 251658240                              {pd product} {ergonomic}
     bool SegmentedCodeCache                       = true                                      {product} {ergonomic}
     bool UseCompressedClassPointers               = true                                 {lp64_product} {ergonomic}
     bool UseCompressedOops                        = true                                 {lp64_product} {ergonomic}
     bool UseG1GC                                  = true                                      {product} {ergonomic}
     bool UseLargePagesIndividualAllocation        = false                                  {pd product} {ergonomic}

Logging:
Log output configuration:
 #0: stdout all=warning uptime,level,tags
 #1: stderr all=off uptime,level,tags

Environment Variables:
PATH=C:\Program Files (x86)\Common Files\Oracle\Java\javapath;C:\Program Files (x86)\Razer\ChromaBroadcast\bin;C:\Program Files\Razer\ChromaBroadcast\bin;C:\Program Files\Python37\Scripts\;C:\Program Files\Python37\;C:\Program Files (x86)\Intel\iCLS Client\;C:\Program Files\Intel\iCLS Client\;C:\Windows\system32;C:\Windows;C:\Windows\System32\Wbem;C:\Windows\System32\WindowsPowerShell\v1.0\;C:\Program Files (x86)\Intel\Intel(R) Management Engine Components\DAL;C:\Program Files\Intel\Intel(R) Management Engine Components\DAL;C:\Program Files (x86)\Intel\Intel(R) Management Engine Components\IPT;C:\Program Files\Intel\Intel(R) Management Engine Components\IPT;C:\Program Files (x86)\NVIDIA Corporation\PhysX\Common;C:\Program Files (x86)\Skype\Phone\;C:\WINDOWS\system32;C:\WINDOWS;C:\WINDOWS\System32\Wbem;C:\WINDOWS\System32\WindowsPowerShell\v1.0\;C:\WINDOWS\System32\OpenSSH\;C:\Program Files\NVIDIA Corporation\NVIDIA NvDLISR;C:\WINDOWS\system32\config\systemprofile\AppData\Local\Microsoft\WindowsApps;C:\Program Files\Git\cmd;C:\Users\James\AppData\Local\Microsoft\WindowsApps;;C:\Users\James\AppData\Local\Package Cache\Microsoft VS Code\bin
USERNAME=James
OS=Windows_NT
PROCESSOR_IDENTIFIER=Intel64 Family 6 Model 94 Stepping 3, GenuineIntel



---------------  S Y S T E M  ---------------

OS: Windows 10 , 64 bit Build 18362 (10.0.18362.329)

CPU:total 4 (initial active 4) (4 cores per cpu, 1 threads per core) family 6 model 94 stepping 3, cmov, cx8, fxsr, mmx, sse, sse2, sse3, ssse3, sse4.1, sse4.2, popcnt, avx, avx2, aes, clmul, erms, rtm, 3dnowpref, lzcnt, tsc, tscinvbit, bmi1, bmi2, adx, fma

Memory: 4k page, system-wide physical 16346M (7881M free)
TotalPageFile size 17370M (AvailPageFile size 147M)
current process WorkingSet (physical memory assigned to process): 10M, peak: 10M
current process commit charge ("private bytes"): 52M, peak: 308M

vm_info: OpenJDK 64-Bit Server VM (11.0.5+10-b520.38) for windows-amd64 JRE (11.0.5+10-b520.38), built on Jan 23 2020 07:58:32 by "" with MS VC++ 14.0 (VS2015)

END.
